2023-06-14 10:07:29,456 [Worker-4: Loading available Gradle versions] INFO  o.e.b.c.i.u.g.PublishedGradleVersions - Gradle version information cache is up-to-date. Trying to read.
2023-06-14 10:10:35,986 [Worker-10: Import Getting Started Content] INFO  o.e.m.c.i.l.LifecycleMappingFactory - Using org.eclipse.m2e.jdt.JarLifecycleMapping lifecycle mapping for MavenProject: com.bollettini:esercizio_bollettini:0.0.1 @ C:\Users\icts22-24.524\Desktop\java-workspace\esercizio_bollettini\pom.xml.
2023-06-14 10:10:37,526 [Worker-10: Import Getting Started Content] INFO  o.e.m.c.i.e.AbstractTransferListenerAdapter - Downloading https://repo.maven.apache.org/maven2/org/springframework/boot/spring-boot-starter-web-services/3.1.0/spring-boot-starter-web-services-3.1.0.pom
2023-06-14 10:10:37,554 [Worker-10: Import Getting Started Content] INFO  o.e.m.c.i.e.AbstractTransferListenerAdapter - Downloaded https://repo.maven.apache.org/maven2/org/springframework/boot/spring-boot-starter-web-services/3.1.0/spring-boot-starter-web-services-3.1.0.pom
2023-06-14 10:10:37,846 [Worker-10: Import Getting Started Content] INFO  o.e.m.c.i.e.AbstractTransferListenerAdapter - Downloading https://repo.maven.apache.org/maven2/com/sun/xml/messaging/saaj/saaj-impl/3.0.2/saaj-impl-3.0.2.pom
2023-06-14 10:10:37,872 [Worker-10: Import Getting Started Content] INFO  o.e.m.c.i.e.AbstractTransferListenerAdapter - Downloaded https://repo.maven.apache.org/maven2/com/sun/xml/messaging/saaj/saaj-impl/3.0.2/saaj-impl-3.0.2.pom
2023-06-14 10:10:37,890 [Worker-10: Import Getting Started Content] INFO  o.e.m.c.i.e.AbstractTransferListenerAdapter - Downloading https://repo.maven.apache.org/maven2/com/sun/xml/messaging/saaj/metro-saaj/3.0.2/metro-saaj-3.0.2.pom
2023-06-14 10:10:37,915 [Worker-10: Import Getting Started Content] INFO  o.e.m.c.i.e.AbstractTransferListenerAdapter - Downloaded https://repo.maven.apache.org/maven2/com/sun/xml/messaging/saaj/metro-saaj/3.0.2/metro-saaj-3.0.2.pom
2023-06-14 10:10:38,011 [Worker-10: Import Getting Started Content] INFO  o.e.m.c.i.e.AbstractTransferListenerAdapter - Downloading https://repo.maven.apache.org/maven2/jakarta/xml/soap/jakarta.xml.soap-api/3.0.0/jakarta.xml.soap-api-3.0.0.pom
2023-06-14 10:10:38,038 [Worker-10: Import Getting Started Content] INFO  o.e.m.c.i.e.AbstractTransferListenerAdapter - Downloaded https://repo.maven.apache.org/maven2/jakarta/xml/soap/jakarta.xml.soap-api/3.0.0/jakarta.xml.soap-api-3.0.0.pom
2023-06-14 10:10:38,051 [Worker-10: Import Getting Started Content] INFO  o.e.m.c.i.e.AbstractTransferListenerAdapter - Downloading https://repo.maven.apache.org/maven2/org/jvnet/staxex/stax-ex/2.1.0/stax-ex-2.1.0.pom
2023-06-14 10:10:38,074 [Worker-10: Import Getting Started Content] INFO  o.e.m.c.i.e.AbstractTransferListenerAdapter - Downloaded https://repo.maven.apache.org/maven2/org/jvnet/staxex/stax-ex/2.1.0/stax-ex-2.1.0.pom
2023-06-14 10:10:38,090 [Worker-10: Import Getting Started Content] INFO  o.e.m.c.i.e.AbstractTransferListenerAdapter - Downloading https://repo.maven.apache.org/maven2/jakarta/xml/ws/jakarta.xml.ws-api/4.0.0/jakarta.xml.ws-api-4.0.0.pom
2023-06-14 10:10:38,111 [Worker-10: Import Getting Started Content] INFO  o.e.m.c.i.e.AbstractTransferListenerAdapter - Downloaded https://repo.maven.apache.org/maven2/jakarta/xml/ws/jakarta.xml.ws-api/4.0.0/jakarta.xml.ws-api-4.0.0.pom
2023-06-14 10:10:38,126 [Worker-10: Import Getting Started Content] INFO  o.e.m.c.i.e.AbstractTransferListenerAdapter - Downloading https://repo.maven.apache.org/maven2/org/springframework/spring-oxm/6.0.9/spring-oxm-6.0.9.pom
2023-06-14 10:10:38,148 [Worker-10: Import Getting Started Content] INFO  o.e.m.c.i.e.AbstractTransferListenerAdapter - Downloaded https://repo.maven.apache.org/maven2/org/springframework/spring-oxm/6.0.9/spring-oxm-6.0.9.pom
2023-06-14 10:10:38,166 [Worker-10: Import Getting Started Content] INFO  o.e.m.c.i.e.AbstractTransferListenerAdapter - Downloading https://repo.maven.apache.org/maven2/org/springframework/ws/spring-ws-core/4.0.4/spring-ws-core-4.0.4.pom
2023-06-14 10:10:38,186 [Worker-10: Import Getting Started Content] INFO  o.e.m.c.i.e.AbstractTransferListenerAdapter - Downloaded https://repo.maven.apache.org/maven2/org/springframework/ws/spring-ws-core/4.0.4/spring-ws-core-4.0.4.pom
2023-06-14 10:10:38,196 [Worker-10: Import Getting Started Content] INFO  o.e.m.c.i.e.AbstractTransferListenerAdapter - Downloading https://repo.maven.apache.org/maven2/org/springframework/ws/spring-ws/4.0.4/spring-ws-4.0.4.pom
2023-06-14 10:10:38,234 [Worker-10: Import Getting Started Content] INFO  o.e.m.c.i.e.AbstractTransferListenerAdapter - Downloaded https://repo.maven.apache.org/maven2/org/springframework/ws/spring-ws/4.0.4/spring-ws-4.0.4.pom
2023-06-14 10:10:38,254 [Worker-10: Import Getting Started Content] INFO  o.e.m.c.i.e.AbstractTransferListenerAdapter - Downloading https://repo.maven.apache.org/maven2/org/eclipse/jetty/jetty-bom/11.0.12/jetty-bom-11.0.12.pom
2023-06-14 10:10:38,274 [Worker-10: Import Getting Started Content] INFO  o.e.m.c.i.e.AbstractTransferListenerAdapter - Downloaded https://repo.maven.apache.org/maven2/org/eclipse/jetty/jetty-bom/11.0.12/jetty-bom-11.0.12.pom
2023-06-14 10:10:38,288 [Worker-10: Import Getting Started Content] INFO  o.e.m.c.i.e.AbstractTransferListenerAdapter - Downloading https://repo.maven.apache.org/maven2/org/springframework/ws/spring-xml/4.0.4/spring-xml-4.0.4.pom
2023-06-14 10:10:38,308 [Worker-10: Import Getting Started Content] INFO  o.e.m.c.i.e.AbstractTransferListenerAdapter - Downloaded https://repo.maven.apache.org/maven2/org/springframework/ws/spring-xml/4.0.4/spring-xml-4.0.4.pom
2023-06-14 10:10:38,799 [AetherRepositoryConnector-repo.maven.apache.org-0-0] INFO  o.e.m.c.i.e.AbstractTransferListenerAdapter - Downloading https://repo.maven.apache.org/maven2/org/springframework/boot/spring-boot-starter-web-services/3.1.0/spring-boot-starter-web-services-3.1.0.jar
2023-06-14 10:10:38,812 [AetherRepositoryConnector-repo.maven.apache.org-0-3] INFO  o.e.m.c.i.e.AbstractTransferListenerAdapter - Downloading https://repo.maven.apache.org/maven2/org/jvnet/staxex/stax-ex/2.1.0/stax-ex-2.1.0.jar
2023-06-14 10:10:38,826 [AetherRepositoryConnector-repo.maven.apache.org-0-2] INFO  o.e.m.c.i.e.AbstractTransferListenerAdapter - Downloading https://repo.maven.apache.org/maven2/jakarta/xml/soap/jakarta.xml.soap-api/3.0.0/jakarta.xml.soap-api-3.0.0.jar
2023-06-14 10:10:38,845 [AetherRepositoryConnector-repo.maven.apache.org-0-1] INFO  o.e.m.c.i.e.AbstractTransferListenerAdapter - Downloading https://repo.maven.apache.org/maven2/com/sun/xml/messaging/saaj/saaj-impl/3.0.2/saaj-impl-3.0.2.jar
2023-06-14 10:10:38,893 [AetherRepositoryConnector-repo.maven.apache.org-0-4] INFO  o.e.m.c.i.e.AbstractTransferListenerAdapter - Downloading https://repo.maven.apache.org/maven2/jakarta/xml/ws/jakarta.xml.ws-api/4.0.0/jakarta.xml.ws-api-4.0.0.jar
2023-06-14 10:10:38,938 [AetherRepositoryConnector-repo.maven.apache.org-0-0] INFO  o.e.m.c.i.e.AbstractTransferListenerAdapter - Downloaded https://repo.maven.apache.org/maven2/org/springframework/boot/spring-boot-starter-web-services/3.1.0/spring-boot-starter-web-services-3.1.0.jar
2023-06-14 10:10:38,948 [AetherRepositoryConnector-repo.maven.apache.org-0-4] INFO  o.e.m.c.i.e.AbstractTransferListenerAdapter - Downloaded https://repo.maven.apache.org/maven2/jakarta/xml/ws/jakarta.xml.ws-api/4.0.0/jakarta.xml.ws-api-4.0.0.jar
2023-06-14 10:10:38,949 [AetherRepositoryConnector-repo.maven.apache.org-0-0] INFO  o.e.m.c.i.e.AbstractTransferListenerAdapter - Downloading https://repo.maven.apache.org/maven2/org/springframework/spring-oxm/6.0.9/spring-oxm-6.0.9.jar
2023-06-14 10:10:38,964 [AetherRepositoryConnector-repo.maven.apache.org-0-1] INFO  o.e.m.c.i.e.AbstractTransferListenerAdapter - Downloaded https://repo.maven.apache.org/maven2/com/sun/xml/messaging/saaj/saaj-impl/3.0.2/saaj-impl-3.0.2.jar
2023-06-14 10:10:38,965 [AetherRepositoryConnector-repo.maven.apache.org-0-4] INFO  o.e.m.c.i.e.AbstractTransferListenerAdapter - Downloading https://repo.maven.apache.org/maven2/org/springframework/ws/spring-ws-core/4.0.4/spring-ws-core-4.0.4.jar
2023-06-14 10:10:39,025 [AetherRepositoryConnector-repo.maven.apache.org-0-1] INFO  o.e.m.c.i.e.AbstractTransferListenerAdapter - Downloading https://repo.maven.apache.org/maven2/org/springframework/ws/spring-xml/4.0.4/spring-xml-4.0.4.jar
2023-06-14 10:10:39,041 [AetherRepositoryConnector-repo.maven.apache.org-0-0] INFO  o.e.m.c.i.e.AbstractTransferListenerAdapter - Downloaded https://repo.maven.apache.org/maven2/org/springframework/spring-oxm/6.0.9/spring-oxm-6.0.9.jar
2023-06-14 10:10:39,044 [AetherRepositoryConnector-repo.maven.apache.org-0-3] INFO  o.e.m.c.i.e.AbstractTransferListenerAdapter - Downloaded https://repo.maven.apache.org/maven2/org/jvnet/staxex/stax-ex/2.1.0/stax-ex-2.1.0.jar
2023-06-14 10:10:39,058 [AetherRepositoryConnector-repo.maven.apache.org-0-4] INFO  o.e.m.c.i.e.AbstractTransferListenerAdapter - Downloaded https://repo.maven.apache.org/maven2/org/springframework/ws/spring-ws-core/4.0.4/spring-ws-core-4.0.4.jar
2023-06-14 10:10:39,060 [AetherRepositoryConnector-repo.maven.apache.org-0-1] INFO  o.e.m.c.i.e.AbstractTransferListenerAdapter - Downloaded https://repo.maven.apache.org/maven2/org/springframework/ws/spring-xml/4.0.4/spring-xml-4.0.4.jar
2023-06-14 10:10:39,060 [AetherRepositoryConnector-repo.maven.apache.org-0-2] INFO  o.e.m.c.i.e.AbstractTransferListenerAdapter - Downloaded https://repo.maven.apache.org/maven2/jakarta/xml/soap/jakarta.xml.soap-api/3.0.0/jakarta.xml.soap-api-3.0.0.jar
2023-06-14 10:10:40,413 [Worker-10: Import Getting Started Content] INFO  o.e.m.j.i.AbstractJavaProjectConfigurator - Adding source folder /esercizio_bollettini/src/main/java
2023-06-14 10:10:40,414 [Worker-10: Import Getting Started Content] INFO  o.e.m.j.i.AbstractJavaProjectConfigurator - Adding resource folder /esercizio_bollettini/src/main/resources
2023-06-14 10:10:40,423 [Worker-10: Import Getting Started Content] INFO  o.e.m.j.i.AbstractJavaProjectConfigurator - Adding resource folder /esercizio_bollettini/src/main/resources
2023-06-14 10:10:40,431 [Worker-10: Import Getting Started Content] INFO  o.e.m.j.i.AbstractJavaProjectConfigurator - Adding source folder /esercizio_bollettini/src/test/java
2023-06-14 10:10:41,142 [Worker-8: Download sources and javadoc] INFO  o.e.m.c.i.e.AbstractTransferListenerAdapter - Downloading https://repo.maven.apache.org/maven2/org/springframework/boot/spring-boot-starter-web-services/3.1.0/spring-boot-starter-web-services-3.1.0-sources.jar
2023-06-14 10:10:41,176 [Worker-8: Download sources and javadoc] INFO  o.e.m.c.i.e.AbstractTransferListenerAdapter - Downloaded https://repo.maven.apache.org/maven2/org/springframework/boot/spring-boot-starter-web-services/3.1.0/spring-boot-starter-web-services-3.1.0-sources.jar
2023-06-14 10:10:41,178 [Worker-8: Download sources and javadoc] INFO  o.e.m.j.internal.DownloadSourcesJob - Downloaded sources for org.springframework.boot:spring-boot-starter-web-services:3.1.0
2023-06-14 10:10:41,211 [Worker-8: Download sources and javadoc] INFO  o.e.m.c.i.e.AbstractTransferListenerAdapter - Downloading https://repo.maven.apache.org/maven2/com/sun/xml/messaging/saaj/saaj-impl/3.0.2/saaj-impl-3.0.2-sources.jar
2023-06-14 10:10:41,272 [Worker-8: Download sources and javadoc] INFO  o.e.m.c.i.e.AbstractTransferListenerAdapter - Downloaded https://repo.maven.apache.org/maven2/com/sun/xml/messaging/saaj/saaj-impl/3.0.2/saaj-impl-3.0.2-sources.jar
2023-06-14 10:10:41,274 [Worker-8: Download sources and javadoc] INFO  o.e.m.j.internal.DownloadSourcesJob - Downloaded sources for com.sun.xml.messaging.saaj:saaj-impl:3.0.2
2023-06-14 10:10:41,325 [Worker-8: Download sources and javadoc] INFO  o.e.m.c.i.e.AbstractTransferListenerAdapter - Downloading https://repo.maven.apache.org/maven2/jakarta/xml/soap/jakarta.xml.soap-api/3.0.0/jakarta.xml.soap-api-3.0.0-sources.jar
2023-06-14 10:10:41,369 [Worker-8: Download sources and javadoc] INFO  o.e.m.c.i.e.AbstractTransferListenerAdapter - Downloaded https://repo.maven.apache.org/maven2/jakarta/xml/soap/jakarta.xml.soap-api/3.0.0/jakarta.xml.soap-api-3.0.0-sources.jar
2023-06-14 10:10:41,371 [Worker-8: Download sources and javadoc] INFO  o.e.m.j.internal.DownloadSourcesJob - Downloaded sources for jakarta.xml.soap:jakarta.xml.soap-api:3.0.0
2023-06-14 10:10:41,417 [Worker-8: Download sources and javadoc] INFO  o.e.m.c.i.e.AbstractTransferListenerAdapter - Downloading https://repo.maven.apache.org/maven2/org/jvnet/staxex/stax-ex/2.1.0/stax-ex-2.1.0-sources.jar
2023-06-14 10:10:41,558 [Worker-8: Download sources and javadoc] INFO  o.e.m.c.i.e.AbstractTransferListenerAdapter - Downloaded https://repo.maven.apache.org/maven2/org/jvnet/staxex/stax-ex/2.1.0/stax-ex-2.1.0-sources.jar
2023-06-14 10:10:41,560 [Worker-8: Download sources and javadoc] INFO  o.e.m.j.internal.DownloadSourcesJob - Downloaded sources for org.jvnet.staxex:stax-ex:2.1.0
2023-06-14 10:10:43,559 [Worker-10: Import Getting Started Content] INFO  o.e.m.c.i.p.ProjectConfigurationManager - Imported and configured 1 project(s) in 11 sec
2023-06-14 10:10:43,563 [Worker-10: Import Getting Started Content] INFO  o.e.m.c.i.p.ProjectConfigurationManager - Update started
2023-06-14 10:10:43,990 [Worker-10: Import Getting Started Content] INFO  o.e.m.c.i.l.LifecycleMappingFactory - Using org.eclipse.m2e.jdt.JarLifecycleMapping lifecycle mapping for MavenProject: com.bollettini:esercizio_bollettini:0.0.1 @ C:\Users\icts22-24.524\Desktop\java-workspace\esercizio_bollettini\pom.xml.
2023-06-14 10:10:44,658 [Worker-10: Import Getting Started Content] INFO  o.e.m.j.i.AbstractJavaProjectConfigurator - Adding source folder /esercizio_bollettini/src/main/java
2023-06-14 10:10:44,658 [Worker-10: Import Getting Started Content] INFO  o.e.m.j.i.AbstractJavaProjectConfigurator - Adding resource folder /esercizio_bollettini/src/main/resources
2023-06-14 10:10:44,659 [Worker-10: Import Getting Started Content] INFO  o.e.m.j.i.AbstractJavaProjectConfigurator - Adding resource folder /esercizio_bollettini/src/main/resources
2023-06-14 10:10:44,660 [Worker-10: Import Getting Started Content] INFO  o.e.m.j.i.AbstractJavaProjectConfigurator - Adding source folder /esercizio_bollettini/src/test/java
2023-06-14 10:10:45,723 [Worker-10: Import Getting Started Content] INFO  o.e.m.c.i.p.ProjectConfigurationManager - Update completed for 1 poms: local refresh takes 0,00 sec, refresh facades takes 1,00 sec, update config takes 0,00 sec 
2023-06-14 10:10:51,641 [Worker-8: Download sources and javadoc] INFO  o.e.m.c.i.e.AbstractTransferListenerAdapter - Downloading https://repo.maven.apache.org/maven2/jakarta/xml/ws/jakarta.xml.ws-api/4.0.0/jakarta.xml.ws-api-4.0.0-sources.jar
2023-06-14 10:10:51,696 [Worker-8: Download sources and javadoc] INFO  o.e.m.c.i.e.AbstractTransferListenerAdapter - Downloaded https://repo.maven.apache.org/maven2/jakarta/xml/ws/jakarta.xml.ws-api/4.0.0/jakarta.xml.ws-api-4.0.0-sources.jar
2023-06-14 10:10:51,698 [Worker-8: Download sources and javadoc] INFO  o.e.m.j.internal.DownloadSourcesJob - Downloaded sources for jakarta.xml.ws:jakarta.xml.ws-api:4.0.0
2023-06-14 10:10:51,749 [Worker-8: Download sources and javadoc] INFO  o.e.m.c.i.e.AbstractTransferListenerAdapter - Downloading https://repo.maven.apache.org/maven2/org/springframework/spring-oxm/6.0.9/spring-oxm-6.0.9-sources.jar
2023-06-14 10:10:52,068 [Worker-8: Download sources and javadoc] INFO  o.e.m.c.i.e.AbstractTransferListenerAdapter - Downloaded https://repo.maven.apache.org/maven2/org/springframework/spring-oxm/6.0.9/spring-oxm-6.0.9-sources.jar
2023-06-14 10:10:52,075 [Worker-8: Download sources and javadoc] INFO  o.e.m.j.internal.DownloadSourcesJob - Downloaded sources for org.springframework:spring-oxm:6.0.9
2023-06-14 10:10:52,143 [Worker-8: Download sources and javadoc] INFO  o.e.m.c.i.e.AbstractTransferListenerAdapter - Downloading https://repo.maven.apache.org/maven2/org/springframework/ws/spring-ws-core/4.0.4/spring-ws-core-4.0.4-sources.jar
2023-06-14 10:10:52,285 [Worker-8: Download sources and javadoc] INFO  o.e.m.c.i.e.AbstractTransferListenerAdapter - Downloaded https://repo.maven.apache.org/maven2/org/springframework/ws/spring-ws-core/4.0.4/spring-ws-core-4.0.4-sources.jar
2023-06-14 10:10:52,287 [Worker-8: Download sources and javadoc] INFO  o.e.m.j.internal.DownloadSourcesJob - Downloaded sources for org.springframework.ws:spring-ws-core:4.0.4
2023-06-14 10:10:52,349 [Worker-8: Download sources and javadoc] INFO  o.e.m.c.i.e.AbstractTransferListenerAdapter - Downloading https://repo.maven.apache.org/maven2/org/springframework/ws/spring-xml/4.0.4/spring-xml-4.0.4-sources.jar
2023-06-14 10:10:52,419 [Worker-8: Download sources and javadoc] INFO  o.e.m.c.i.e.AbstractTransferListenerAdapter - Downloaded https://repo.maven.apache.org/maven2/org/springframework/ws/spring-xml/4.0.4/spring-xml-4.0.4-sources.jar
2023-06-14 10:10:52,423 [Worker-8: Download sources and javadoc] INFO  o.e.m.j.internal.DownloadSourcesJob - Downloaded sources for org.springframework.ws:spring-xml:4.0.4
2023-06-14 10:14:19,670 [Worker-14: Launching Executing install in C__Users_icts22-24.524_Desktop_java-workspace_esercizio_bollettini] INFO  o.eclipse.m2e.core.internal.Bundles - getClasspathEntries(Bundle=org.eclipse.m2e.maven.runtime_3.8.604.20221130-2149 [605])
2023-06-14 10:14:19,680 [Worker-14: Launching Executing install in C__Users_icts22-24.524_Desktop_java-workspace_esercizio_bollettini] INFO  o.eclipse.m2e.core.internal.Bundles - 	Entry: C:\Users\icts22-24.524\.p2\pool\plugins\org.eclipse.m2e.maven.runtime_3.8.604.20221130-2149
2023-06-14 10:14:19,680 [Worker-14: Launching Executing install in C__Users_icts22-24.524_Desktop_java-workspace_esercizio_bollettini] INFO  o.eclipse.m2e.core.internal.Bundles - 	Entry: C:\Users\icts22-24.524\.p2\pool\plugins\org.eclipse.m2e.maven.runtime_3.8.604.20221130-2149\jars\aether-connector-okhttp-0.17.8.jar
2023-06-14 10:14:19,680 [Worker-14: Launching Executing install in C__Users_icts22-24.524_Desktop_java-workspace_esercizio_bollettini] INFO  o.eclipse.m2e.core.internal.Bundles - 	Entry: C:\Users\icts22-24.524\.p2\pool\plugins\org.eclipse.m2e.maven.runtime_3.8.604.20221130-2149\jars\commons-cli-1.4.jar
2023-06-14 10:14:19,681 [Worker-14: Launching Executing install in C__Users_icts22-24.524_Desktop_java-workspace_esercizio_bollettini] INFO  o.eclipse.m2e.core.internal.Bundles - 	Entry: C:\Users\icts22-24.524\.p2\pool\plugins\org.eclipse.m2e.maven.runtime_3.8.604.20221130-2149\jars\commons-io-2.6.jar
2023-06-14 10:14:19,681 [Worker-14: Launching Executing install in C__Users_icts22-24.524_Desktop_java-workspace_esercizio_bollettini] INFO  o.eclipse.m2e.core.internal.Bundles - 	Entry: C:\Users\icts22-24.524\.p2\pool\plugins\org.eclipse.m2e.maven.runtime_3.8.604.20221130-2149\jars\commons-lang3-3.8.1.jar
2023-06-14 10:14:19,681 [Worker-14: Launching Executing install in C__Users_icts22-24.524_Desktop_java-workspace_esercizio_bollettini] INFO  o.eclipse.m2e.core.internal.Bundles - 	Entry: C:\Users\icts22-24.524\.p2\pool\plugins\org.eclipse.m2e.maven.runtime_3.8.604.20221130-2149\jars\guice-4.2.2-no_aop.jar
2023-06-14 10:14:19,681 [Worker-14: Launching Executing install in C__Users_icts22-24.524_Desktop_java-workspace_esercizio_bollettini] INFO  o.eclipse.m2e.core.internal.Bundles - 	Entry: C:\Users\icts22-24.524\.p2\pool\plugins\org.eclipse.m2e.maven.runtime_3.8.604.20221130-2149\jars\jansi-2.4.0.jar
2023-06-14 10:14:19,681 [Worker-14: Launching Executing install in C__Users_icts22-24.524_Desktop_java-workspace_esercizio_bollettini] INFO  o.eclipse.m2e.core.internal.Bundles - 	Entry: C:\Users\icts22-24.524\.p2\pool\plugins\org.eclipse.m2e.maven.runtime_3.8.604.20221130-2149\jars\maven-artifact-3.8.6.jar
2023-06-14 10:14:19,681 [Worker-14: Launching Executing install in C__Users_icts22-24.524_Desktop_java-workspace_esercizio_bollettini] INFO  o.eclipse.m2e.core.internal.Bundles - 	Entry: C:\Users\icts22-24.524\.p2\pool\plugins\org.eclipse.m2e.maven.runtime_3.8.604.20221130-2149\jars\maven-builder-support-3.8.6.jar
2023-06-14 10:14:19,681 [Worker-14: Launching Executing install in C__Users_icts22-24.524_Desktop_java-workspace_esercizio_bollettini] INFO  o.eclipse.m2e.core.internal.Bundles - 	Entry: C:\Users\icts22-24.524\.p2\pool\plugins\org.eclipse.m2e.maven.runtime_3.8.604.20221130-2149\jars\maven-compat-3.8.6.jar
2023-06-14 10:14:19,682 [Worker-14: Launching Executing install in C__Users_icts22-24.524_Desktop_java-workspace_esercizio_bollettini] INFO  o.eclipse.m2e.core.internal.Bundles - 	Entry: C:\Users\icts22-24.524\.p2\pool\plugins\org.eclipse.m2e.maven.runtime_3.8.604.20221130-2149\jars\maven-core-3.8.6.jar
2023-06-14 10:14:19,682 [Worker-14: Launching Executing install in C__Users_icts22-24.524_Desktop_java-workspace_esercizio_bollettini] INFO  o.eclipse.m2e.core.internal.Bundles - 	Entry: C:\Users\icts22-24.524\.p2\pool\plugins\org.eclipse.m2e.maven.runtime_3.8.604.20221130-2149\jars\maven-embedder-3.8.6.jar
2023-06-14 10:14:19,682 [Worker-14: Launching Executing install in C__Users_icts22-24.524_Desktop_java-workspace_esercizio_bollettini] INFO  o.eclipse.m2e.core.internal.Bundles - 	Entry: C:\Users\icts22-24.524\.p2\pool\plugins\org.eclipse.m2e.maven.runtime_3.8.604.20221130-2149\jars\maven-model-3.8.6.jar
2023-06-14 10:14:19,682 [Worker-14: Launching Executing install in C__Users_icts22-24.524_Desktop_java-workspace_esercizio_bollettini] INFO  o.eclipse.m2e.core.internal.Bundles - 	Entry: C:\Users\icts22-24.524\.p2\pool\plugins\org.eclipse.m2e.maven.runtime_3.8.604.20221130-2149\jars\maven-model-builder-3.8.6.jar
2023-06-14 10:14:19,682 [Worker-14: Launching Executing install in C__Users_icts22-24.524_Desktop_java-workspace_esercizio_bollettini] INFO  o.eclipse.m2e.core.internal.Bundles - 	Entry: C:\Users\icts22-24.524\.p2\pool\plugins\org.eclipse.m2e.maven.runtime_3.8.604.20221130-2149\jars\maven-plugin-api-3.8.6.jar
2023-06-14 10:14:19,682 [Worker-14: Launching Executing install in C__Users_icts22-24.524_Desktop_java-workspace_esercizio_bollettini] INFO  o.eclipse.m2e.core.internal.Bundles - 	Entry: C:\Users\icts22-24.524\.p2\pool\plugins\org.eclipse.m2e.maven.runtime_3.8.604.20221130-2149\jars\maven-repository-metadata-3.8.6.jar
2023-06-14 10:14:19,683 [Worker-14: Launching Executing install in C__Users_icts22-24.524_Desktop_java-workspace_esercizio_bollettini] INFO  o.eclipse.m2e.core.internal.Bundles - 	Entry: C:\Users\icts22-24.524\.p2\pool\plugins\org.eclipse.m2e.maven.runtime_3.8.604.20221130-2149\jars\maven-resolver-api-1.6.3.jar
2023-06-14 10:14:19,683 [Worker-14: Launching Executing install in C__Users_icts22-24.524_Desktop_java-workspace_esercizio_bollettini] INFO  o.eclipse.m2e.core.internal.Bundles - 	Entry: C:\Users\icts22-24.524\.p2\pool\plugins\org.eclipse.m2e.maven.runtime_3.8.604.20221130-2149\jars\maven-resolver-connector-basic-1.6.3.jar
2023-06-14 10:14:19,683 [Worker-14: Launching Executing install in C__Users_icts22-24.524_Desktop_java-workspace_esercizio_bollettini] INFO  o.eclipse.m2e.core.internal.Bundles - 	Entry: C:\Users\icts22-24.524\.p2\pool\plugins\org.eclipse.m2e.maven.runtime_3.8.604.20221130-2149\jars\maven-resolver-impl-1.6.3.jar
2023-06-14 10:14:19,683 [Worker-14: Launching Executing install in C__Users_icts22-24.524_Desktop_java-workspace_esercizio_bollettini] INFO  o.eclipse.m2e.core.internal.Bundles - 	Entry: C:\Users\icts22-24.524\.p2\pool\plugins\org.eclipse.m2e.maven.runtime_3.8.604.20221130-2149\jars\maven-resolver-provider-3.8.6.jar
2023-06-14 10:14:19,683 [Worker-14: Launching Executing install in C__Users_icts22-24.524_Desktop_java-workspace_esercizio_bollettini] INFO  o.eclipse.m2e.core.internal.Bundles - 	Entry: C:\Users\icts22-24.524\.p2\pool\plugins\org.eclipse.m2e.maven.runtime_3.8.604.20221130-2149\jars\maven-resolver-spi-1.6.3.jar
2023-06-14 10:14:19,683 [Worker-14: Launching Executing install in C__Users_icts22-24.524_Desktop_java-workspace_esercizio_bollettini] INFO  o.eclipse.m2e.core.internal.Bundles - 	Entry: C:\Users\icts22-24.524\.p2\pool\plugins\org.eclipse.m2e.maven.runtime_3.8.604.20221130-2149\jars\maven-resolver-transport-wagon-1.6.3.jar
2023-06-14 10:14:19,683 [Worker-14: Launching Executing install in C__Users_icts22-24.524_Desktop_java-workspace_esercizio_bollettini] INFO  o.eclipse.m2e.core.internal.Bundles - 	Entry: C:\Users\icts22-24.524\.p2\pool\plugins\org.eclipse.m2e.maven.runtime_3.8.604.20221130-2149\jars\maven-resolver-util-1.6.3.jar
2023-06-14 10:14:19,684 [Worker-14: Launching Executing install in C__Users_icts22-24.524_Desktop_java-workspace_esercizio_bollettini] INFO  o.eclipse.m2e.core.internal.Bundles - 	Entry: C:\Users\icts22-24.524\.p2\pool\plugins\org.eclipse.m2e.maven.runtime_3.8.604.20221130-2149\jars\maven-settings-3.8.6.jar
2023-06-14 10:14:19,684 [Worker-14: Launching Executing install in C__Users_icts22-24.524_Desktop_java-workspace_esercizio_bollettini] INFO  o.eclipse.m2e.core.internal.Bundles - 	Entry: C:\Users\icts22-24.524\.p2\pool\plugins\org.eclipse.m2e.maven.runtime_3.8.604.20221130-2149\jars\maven-settings-builder-3.8.6.jar
2023-06-14 10:14:19,684 [Worker-14: Launching Executing install in C__Users_icts22-24.524_Desktop_java-workspace_esercizio_bollettini] INFO  o.eclipse.m2e.core.internal.Bundles - 	Entry: C:\Users\icts22-24.524\.p2\pool\plugins\org.eclipse.m2e.maven.runtime_3.8.604.20221130-2149\jars\maven-shared-utils-3.3.4.jar
2023-06-14 10:14:19,684 [Worker-14: Launching Executing install in C__Users_icts22-24.524_Desktop_java-workspace_esercizio_bollettini] INFO  o.eclipse.m2e.core.internal.Bundles - 	Entry: C:\Users\icts22-24.524\.p2\pool\plugins\org.eclipse.m2e.maven.runtime_3.8.604.20221130-2149\jars\okhttp-3.14.1.jar
2023-06-14 10:14:19,684 [Worker-14: Launching Executing install in C__Users_icts22-24.524_Desktop_java-workspace_esercizio_bollettini] INFO  o.eclipse.m2e.core.internal.Bundles - 	Entry: C:\Users\icts22-24.524\.p2\pool\plugins\org.eclipse.m2e.maven.runtime_3.8.604.20221130-2149\jars\okio-1.17.3.jar
2023-06-14 10:14:19,684 [Worker-14: Launching Executing install in C__Users_icts22-24.524_Desktop_java-workspace_esercizio_bollettini] INFO  o.eclipse.m2e.core.internal.Bundles - 	Entry: C:\Users\icts22-24.524\.p2\pool\plugins\org.eclipse.m2e.maven.runtime_3.8.604.20221130-2149\jars\org.eclipse.sisu.inject-0.3.5.jar
2023-06-14 10:14:19,684 [Worker-14: Launching Executing install in C__Users_icts22-24.524_Desktop_java-workspace_esercizio_bollettini] INFO  o.eclipse.m2e.core.internal.Bundles - 	Entry: C:\Users\icts22-24.524\.p2\pool\plugins\org.eclipse.m2e.maven.runtime_3.8.604.20221130-2149\jars\org.eclipse.sisu.plexus-0.3.5.jar
2023-06-14 10:14:19,685 [Worker-14: Launching Executing install in C__Users_icts22-24.524_Desktop_java-workspace_esercizio_bollettini] INFO  o.eclipse.m2e.core.internal.Bundles - 	Entry: C:\Users\icts22-24.524\.p2\pool\plugins\org.eclipse.m2e.maven.runtime_3.8.604.20221130-2149\jars\plexus-build-api-0.0.7.jar
2023-06-14 10:14:19,685 [Worker-14: Launching Executing install in C__Users_icts22-24.524_Desktop_java-workspace_esercizio_bollettini] INFO  o.eclipse.m2e.core.internal.Bundles - 	Entry: C:\Users\icts22-24.524\.p2\pool\plugins\org.eclipse.m2e.maven.runtime_3.8.604.20221130-2149\jars\plexus-cipher-2.0.jar
2023-06-14 10:14:19,685 [Worker-14: Launching Executing install in C__Users_icts22-24.524_Desktop_java-workspace_esercizio_bollettini] INFO  o.eclipse.m2e.core.internal.Bundles - 	Entry: C:\Users\icts22-24.524\.p2\pool\plugins\org.eclipse.m2e.maven.runtime_3.8.604.20221130-2149\jars\plexus-classworlds-2.6.0.jar
2023-06-14 10:14:19,685 [Worker-14: Launching Executing install in C__Users_icts22-24.524_Desktop_java-workspace_esercizio_bollettini] INFO  o.eclipse.m2e.core.internal.Bundles - 	Entry: C:\Users\icts22-24.524\.p2\pool\plugins\org.eclipse.m2e.maven.runtime_3.8.604.20221130-2149\jars\plexus-component-annotations-2.1.0.jar
2023-06-14 10:14:19,685 [Worker-14: Launching Executing install in C__Users_icts22-24.524_Desktop_java-workspace_esercizio_bollettini] INFO  o.eclipse.m2e.core.internal.Bundles - 	Entry: C:\Users\icts22-24.524\.p2\pool\plugins\org.eclipse.m2e.maven.runtime_3.8.604.20221130-2149\jars\plexus-interpolation-1.26.jar
2023-06-14 10:14:19,685 [Worker-14: Launching Executing install in C__Users_icts22-24.524_Desktop_java-workspace_esercizio_bollettini] INFO  o.eclipse.m2e.core.internal.Bundles - 	Entry: C:\Users\icts22-24.524\.p2\pool\plugins\org.eclipse.m2e.maven.runtime_3.8.604.20221130-2149\jars\plexus-sec-dispatcher-2.0.jar
2023-06-14 10:14:19,685 [Worker-14: Launching Executing install in C__Users_icts22-24.524_Desktop_java-workspace_esercizio_bollettini] INFO  o.eclipse.m2e.core.internal.Bundles - 	Entry: C:\Users\icts22-24.524\.p2\pool\plugins\org.eclipse.m2e.maven.runtime_3.8.604.20221130-2149\jars\plexus-utils-3.3.1.jar
2023-06-14 10:14:19,686 [Worker-14: Launching Executing install in C__Users_icts22-24.524_Desktop_java-workspace_esercizio_bollettini] INFO  o.eclipse.m2e.core.internal.Bundles - 	Entry: C:\Users\icts22-24.524\.p2\pool\plugins\org.eclipse.m2e.maven.runtime_3.8.604.20221130-2149\jars\wagon-file-3.5.1.jar
2023-06-14 10:14:19,686 [Worker-14: Launching Executing install in C__Users_icts22-24.524_Desktop_java-workspace_esercizio_bollettini] INFO  o.eclipse.m2e.core.internal.Bundles - 	Entry: C:\Users\icts22-24.524\.p2\pool\plugins\org.eclipse.m2e.maven.runtime_3.8.604.20221130-2149\jars\wagon-provider-api-3.5.1.jar
2023-06-14 10:14:19,688 [Worker-14: Launching Executing install in C__Users_icts22-24.524_Desktop_java-workspace_esercizio_bollettini] INFO  o.eclipse.m2e.core.internal.Bundles - getClasspathEntries(Bundle=com.google.guava_30.1.0.v20221112-0806 [10])
2023-06-14 10:14:19,690 [Worker-14: Launching Executing install in C__Users_icts22-24.524_Desktop_java-workspace_esercizio_bollettini] INFO  o.eclipse.m2e.core.internal.Bundles - 	Entry: C:\Users\icts22-24.524\.p2\pool\plugins\com.google.guava_30.1.0.v20221112-0806.jar
2023-06-14 10:14:19,690 [Worker-14: Launching Executing install in C__Users_icts22-24.524_Desktop_java-workspace_esercizio_bollettini] INFO  o.eclipse.m2e.core.internal.Bundles - getClasspathEntries(Bundle=slf4j.api_1.7.36 [917])
2023-06-14 10:14:19,690 [Worker-14: Launching Executing install in C__Users_icts22-24.524_Desktop_java-workspace_esercizio_bollettini] INFO  o.eclipse.m2e.core.internal.Bundles - 	Entry: C:\Users\icts22-24.524\.p2\pool\plugins\slf4j.api_1.7.36.jar
2023-06-14 10:14:19,691 [Worker-14: Launching Executing install in C__Users_icts22-24.524_Desktop_java-workspace_esercizio_bollettini] INFO  o.eclipse.m2e.core.internal.Bundles - getClasspathEntries(Bundle=javax.inject_1.0.0.v20220405-0441 [32])
2023-06-14 10:14:19,692 [Worker-14: Launching Executing install in C__Users_icts22-24.524_Desktop_java-workspace_esercizio_bollettini] INFO  o.eclipse.m2e.core.internal.Bundles - 	Entry: C:\Users\icts22-24.524\.p2\pool\plugins\javax.inject_1.0.0.v20220405-0441.jar
2023-06-14 10:14:19,692 [Worker-14: Launching Executing install in C__Users_icts22-24.524_Desktop_java-workspace_esercizio_bollettini] INFO  o.eclipse.m2e.core.internal.Bundles - getClasspathEntries(Bundle=javax.annotation_1.3.5.v20221112-0806 [30])
2023-06-14 10:14:19,693 [Worker-14: Launching Executing install in C__Users_icts22-24.524_Desktop_java-workspace_esercizio_bollettini] INFO  o.eclipse.m2e.core.internal.Bundles - 	Entry: C:\Users\icts22-24.524\.p2\pool\plugins\javax.annotation_1.3.5.v20221112-0806.jar
2023-06-14 10:14:19,696 [Worker-14: Launching Executing install in C__Users_icts22-24.524_Desktop_java-workspace_esercizio_bollettini] INFO  o.e.m.i.launch.MavenLaunchDelegate - Run build in "C:\Users\icts22-24.524\Desktop\java-workspace\esercizio_bollettini":
2023-06-14 10:14:19,699 [Worker-14: Launching Executing install in C__Users_icts22-24.524_Desktop_java-workspace_esercizio_bollettini] INFO  o.e.m.i.launch.MavenLaunchDelegate -  mvn  -Ppom.xml -B -Dstyle.color=always install
2023-06-14 10:14:58,528 [Worker-15: Building] INFO  o.e.m.c.i.l.LifecycleMappingFactory - Using org.eclipse.m2e.jdt.JarLifecycleMapping lifecycle mapping for MavenProject: com.bollettini:esercizio_bollettini:0.0.1 @ C:\Users\icts22-24.524\Desktop\java-workspace\esercizio_bollettini\pom.xml.
2023-06-14 10:14:59,010 [Worker-15: Building] INFO  o.a.m.s.f.DefaultMavenResourcesFiltering - Copying 0 resource from src\main\resources to target\classes
2023-06-14 10:14:59,011 [Worker-15: Building] INFO  o.a.m.s.f.DefaultMavenResourcesFiltering - Copying 0 resource from src\main\resources to target\classes
2023-06-14 10:14:59,014 [Worker-15: Building] INFO  o.a.m.s.f.DefaultMavenResourcesFiltering - skip non existing resourceDirectory C:\Users\icts22-24.524\Desktop\java-workspace\esercizio_bollettini\src\test\resources
2023-06-14 10:15:00,305 [Worker-14: Building] INFO  o.a.m.s.f.DefaultMavenResourcesFiltering - Copying 1 resource from src\main\resources to target\classes
2023-06-14 10:15:00,322 [Worker-14: Building] INFO  o.a.m.s.f.DefaultMavenResourcesFiltering - Copying 0 resource from src\main\resources to target\classes
2023-06-14 10:15:00,326 [Worker-14: Building] INFO  o.a.m.s.f.DefaultMavenResourcesFiltering - skip non existing resourceDirectory C:\Users\icts22-24.524\Desktop\java-workspace\esercizio_bollettini\src\test\resources
2023-06-14 10:15:02,154 [Worker-3: Launching Executing install in C__Users_icts22-24.524_Desktop_java-workspace_esercizio_bollettini] INFO  o.e.m.i.launch.MavenLaunchDelegate - Run build in "C:\Users\icts22-24.524\Desktop\java-workspace\esercizio_bollettini":
2023-06-14 10:15:02,154 [Worker-3: Launching Executing install in C__Users_icts22-24.524_Desktop_java-workspace_esercizio_bollettini] INFO  o.e.m.i.launch.MavenLaunchDelegate -  mvn  -Ppom.xml -B -Dstyle.color=always install
2023-06-14 10:15:09,181 [Worker-14: Building] INFO  o.a.m.s.f.DefaultMavenResourcesFiltering - Copying 0 resource from src\main\resources to target\classes
2023-06-14 10:15:09,182 [Worker-14: Building] INFO  o.a.m.s.f.DefaultMavenResourcesFiltering - Copying 0 resource from src\main\resources to target\classes
2023-06-14 10:15:09,185 [Worker-14: Building] INFO  o.a.m.s.f.DefaultMavenResourcesFiltering - skip non existing resourceDirectory C:\Users\icts22-24.524\Desktop\java-workspace\esercizio_bollettini\src\test\resources
2023-06-14 10:15:54,106 [Worker-8: Launching Executing install in C__Users_icts22-24.524_Desktop_java-workspace_esercizio_bollettini] INFO  o.e.m.i.launch.MavenLaunchDelegate - Run build in "C:\Users\icts22-24.524\Desktop\java-workspace\esercizio_bollettini":
2023-06-14 10:15:54,106 [Worker-8: Launching Executing install in C__Users_icts22-24.524_Desktop_java-workspace_esercizio_bollettini] INFO  o.e.m.i.launch.MavenLaunchDelegate -  mvn  -Ppom.xml -B -Dstyle.color=always install
2023-06-14 10:19:35,728 [Worker-15: Launching esercizio_bollettini - EsercizioBollettiniApplication] INFO  o.a.m.s.f.DefaultMavenResourcesFiltering - Copying 1 resource from src\main\resources to target\classes
2023-06-14 10:19:35,735 [Worker-15: Launching esercizio_bollettini - EsercizioBollettiniApplication] INFO  o.a.m.s.f.DefaultMavenResourcesFiltering - Copying 0 resource from src\main\resources to target\classes
2023-06-14 10:19:35,738 [Worker-15: Launching esercizio_bollettini - EsercizioBollettiniApplication] INFO  o.a.m.s.f.DefaultMavenResourcesFiltering - skip non existing resourceDirectory C:\Users\icts22-24.524\Desktop\java-workspace\esercizio_bollettini\src\test\resources
2023-06-14 10:25:01,015 [Worker-25: Building] INFO  o.a.m.s.f.DefaultMavenResourcesFiltering - Copying 0 resource from src\main\resources to target\classes
2023-06-14 10:25:01,015 [Worker-25: Building] INFO  o.a.m.s.f.DefaultMavenResourcesFiltering - Copying 1 resource from src\main\resources to target\classes
2023-06-14 10:25:01,021 [Worker-25: Building] INFO  o.a.m.s.f.DefaultMavenResourcesFiltering - skip non existing resourceDirectory C:\Users\icts22-24.524\Desktop\java-workspace\esercizio_bollettini\src\test\resources
2023-06-14 10:29:50,446 [Worker-26: Building Workspace] INFO  o.a.m.s.f.DefaultMavenResourcesFiltering - Copying 1 resource from src\main\resources to target\classes
2023-06-14 10:29:50,454 [Worker-26: Building Workspace] INFO  o.a.m.s.f.DefaultMavenResourcesFiltering - Copying 0 resource from src\main\resources to target\classes
2023-06-14 10:29:50,457 [Worker-26: Building Workspace] INFO  o.a.m.s.f.DefaultMavenResourcesFiltering - skip non existing resourceDirectory C:\Users\icts22-24.524\Desktop\java-workspace\esercizio_bollettini\src\test\resources
2023-06-14 10:29:57,668 [Worker-28: Building] INFO  o.a.m.s.f.DefaultMavenResourcesFiltering - Copying 1 resource from src\main\resources to target\classes
2023-06-14 10:29:57,673 [Worker-28: Building] INFO  o.a.m.s.f.DefaultMavenResourcesFiltering - Copying 0 resource from src\main\resources to target\classes
2023-06-14 10:29:57,676 [Worker-28: Building] INFO  o.a.m.s.f.DefaultMavenResourcesFiltering - skip non existing resourceDirectory C:\Users\icts22-24.524\Desktop\java-workspace\esercizio_bollettini\src\test\resources
2023-06-14 10:30:39,082 [Worker-25: Building] INFO  o.a.m.s.f.DefaultMavenResourcesFiltering - Copying 1 resource from src\main\resources to target\classes
2023-06-14 10:30:39,087 [Worker-25: Building] INFO  o.a.m.s.f.DefaultMavenResourcesFiltering - Copying 0 resource from src\main\resources to target\classes
2023-06-14 10:30:39,090 [Worker-25: Building] INFO  o.a.m.s.f.DefaultMavenResourcesFiltering - skip non existing resourceDirectory C:\Users\icts22-24.524\Desktop\java-workspace\esercizio_bollettini\src\test\resources
2023-06-14 10:33:10,257 [Worker-26: Building] INFO  o.a.m.s.f.DefaultMavenResourcesFiltering - Copying 1 resource from src\main\resources to target\classes
2023-06-14 10:33:10,261 [Worker-26: Building] INFO  o.a.m.s.f.DefaultMavenResourcesFiltering - Copying 0 resource from src\main\resources to target\classes
2023-06-14 10:33:10,264 [Worker-26: Building] INFO  o.a.m.s.f.DefaultMavenResourcesFiltering - skip non existing resourceDirectory C:\Users\icts22-24.524\Desktop\java-workspace\esercizio_bollettini\src\test\resources
2023-06-14 10:34:27,357 [Worker-32: Building] INFO  o.a.m.s.f.DefaultMavenResourcesFiltering - Copying 1 resource from src\main\resources to target\classes
2023-06-14 10:34:27,364 [Worker-32: Building] INFO  o.a.m.s.f.DefaultMavenResourcesFiltering - Copying 0 resource from src\main\resources to target\classes
2023-06-14 10:34:27,367 [Worker-32: Building] INFO  o.a.m.s.f.DefaultMavenResourcesFiltering - skip non existing resourceDirectory C:\Users\icts22-24.524\Desktop\java-workspace\esercizio_bollettini\src\test\resources
2023-06-14 10:35:06,128 [Worker-32: Building] INFO  o.a.m.s.f.DefaultMavenResourcesFiltering - Copying 1 resource from src\main\resources to target\classes
2023-06-14 10:35:06,133 [Worker-32: Building] INFO  o.a.m.s.f.DefaultMavenResourcesFiltering - Copying 0 resource from src\main\resources to target\classes
2023-06-14 10:35:06,147 [Worker-32: Building] INFO  o.a.m.s.f.DefaultMavenResourcesFiltering - skip non existing resourceDirectory C:\Users\icts22-24.524\Desktop\java-workspace\esercizio_bollettini\src\test\resources
2023-06-14 10:35:13,823 [Worker-29: Building] INFO  o.a.m.s.f.DefaultMavenResourcesFiltering - Copying 1 resource from src\main\resources to target\classes
2023-06-14 10:35:13,826 [Worker-29: Building] INFO  o.a.m.s.f.DefaultMavenResourcesFiltering - Copying 0 resource from src\main\resources to target\classes
2023-06-14 10:35:13,828 [Worker-29: Building] INFO  o.a.m.s.f.DefaultMavenResourcesFiltering - skip non existing resourceDirectory C:\Users\icts22-24.524\Desktop\java-workspace\esercizio_bollettini\src\test\resources
2023-06-14 10:38:08,064 [Worker-31: Building] INFO  o.a.m.s.f.DefaultMavenResourcesFiltering - Copying 1 resource from src\main\resources to target\classes
2023-06-14 10:38:08,071 [Worker-31: Building] INFO  o.a.m.s.f.DefaultMavenResourcesFiltering - Copying 0 resource from src\main\resources to target\classes
2023-06-14 10:38:08,073 [Worker-31: Building] INFO  o.a.m.s.f.DefaultMavenResourcesFiltering - skip non existing resourceDirectory C:\Users\icts22-24.524\Desktop\java-workspace\esercizio_bollettini\src\test\resources
2023-06-14 10:40:57,796 [Worker-26: Building] INFO  o.a.m.s.f.DefaultMavenResourcesFiltering - Copying 1 resource from src\main\resources to target\classes
2023-06-14 10:40:57,803 [Worker-26: Building] INFO  o.a.m.s.f.DefaultMavenResourcesFiltering - Copying 0 resource from src\main\resources to target\classes
2023-06-14 10:40:57,808 [Worker-26: Building] INFO  o.a.m.s.f.DefaultMavenResourcesFiltering - skip non existing resourceDirectory C:\Users\icts22-24.524\Desktop\java-workspace\esercizio_bollettini\src\test\resources
2023-06-14 10:41:17,486 [Worker-31: Building] INFO  o.a.m.s.f.DefaultMavenResourcesFiltering - Copying 1 resource from src\main\resources to target\classes
2023-06-14 10:41:17,491 [Worker-31: Building] INFO  o.a.m.s.f.DefaultMavenResourcesFiltering - Copying 0 resource from src\main\resources to target\classes
2023-06-14 10:41:17,494 [Worker-31: Building] INFO  o.a.m.s.f.DefaultMavenResourcesFiltering - skip non existing resourceDirectory C:\Users\icts22-24.524\Desktop\java-workspace\esercizio_bollettini\src\test\resources
2023-06-14 10:41:19,626 [Worker-37: Building] INFO  o.a.m.s.f.DefaultMavenResourcesFiltering - Copying 1 resource from src\main\resources to target\classes
2023-06-14 10:41:19,632 [Worker-37: Building] INFO  o.a.m.s.f.DefaultMavenResourcesFiltering - Copying 0 resource from src\main\resources to target\classes
2023-06-14 10:41:19,636 [Worker-37: Building] INFO  o.a.m.s.f.DefaultMavenResourcesFiltering - skip non existing resourceDirectory C:\Users\icts22-24.524\Desktop\java-workspace\esercizio_bollettini\src\test\resources
2023-06-14 10:41:47,476 [Worker-31: Building] INFO  o.a.m.s.f.DefaultMavenResourcesFiltering - Copying 1 resource from src\main\resources to target\classes
2023-06-14 10:41:47,481 [Worker-31: Building] INFO  o.a.m.s.f.DefaultMavenResourcesFiltering - Copying 0 resource from src\main\resources to target\classes
2023-06-14 10:41:47,484 [Worker-31: Building] INFO  o.a.m.s.f.DefaultMavenResourcesFiltering - skip non existing resourceDirectory C:\Users\icts22-24.524\Desktop\java-workspace\esercizio_bollettini\src\test\resources
2023-06-14 10:42:18,165 [Worker-34: Building] INFO  o.a.m.s.f.DefaultMavenResourcesFiltering - Copying 1 resource from src\main\resources to target\classes
2023-06-14 10:42:18,169 [Worker-34: Building] INFO  o.a.m.s.f.DefaultMavenResourcesFiltering - Copying 0 resource from src\main\resources to target\classes
2023-06-14 10:42:18,172 [Worker-34: Building] INFO  o.a.m.s.f.DefaultMavenResourcesFiltering - skip non existing resourceDirectory C:\Users\icts22-24.524\Desktop\java-workspace\esercizio_bollettini\src\test\resources
2023-06-14 10:45:35,712 [Worker-39: Building] INFO  o.a.m.s.f.DefaultMavenResourcesFiltering - Copying 1 resource from src\main\resources to target\classes
2023-06-14 10:45:35,718 [Worker-39: Building] INFO  o.a.m.s.f.DefaultMavenResourcesFiltering - Copying 0 resource from src\main\resources to target\classes
2023-06-14 10:45:35,720 [Worker-39: Building] INFO  o.a.m.s.f.DefaultMavenResourcesFiltering - skip non existing resourceDirectory C:\Users\icts22-24.524\Desktop\java-workspace\esercizio_bollettini\src\test\resources
2023-06-14 10:46:07,253 [Worker-26: Building] INFO  o.a.m.s.f.DefaultMavenResourcesFiltering - Copying 0 resource from src\main\resources to target\classes
2023-06-14 10:46:07,254 [Worker-26: Building] INFO  o.a.m.s.f.DefaultMavenResourcesFiltering - Copying 0 resource from src\main\resources to target\classes
2023-06-14 10:46:07,256 [Worker-26: Building] INFO  o.a.m.s.f.DefaultMavenResourcesFiltering - skip non existing resourceDirectory C:\Users\icts22-24.524\Desktop\java-workspace\esercizio_bollettini\src\test\resources
2023-06-14 10:46:28,014 [Worker-31: Building] INFO  o.a.m.s.f.DefaultMavenResourcesFiltering - Copying 0 resource from src\main\resources to target\classes
2023-06-14 10:46:28,015 [Worker-31: Building] INFO  o.a.m.s.f.DefaultMavenResourcesFiltering - Copying 1 resource from src\main\resources to target\classes
2023-06-14 10:46:28,019 [Worker-31: Building] INFO  o.a.m.s.f.DefaultMavenResourcesFiltering - skip non existing resourceDirectory C:\Users\icts22-24.524\Desktop\java-workspace\esercizio_bollettini\src\test\resources
2023-06-14 10:47:38,220 [Worker-40: Building] INFO  o.a.m.s.f.DefaultMavenResourcesFiltering - Copying 1 resource from src\main\resources to target\classes
2023-06-14 10:47:38,227 [Worker-40: Building] INFO  o.a.m.s.f.DefaultMavenResourcesFiltering - Copying 1 resource from src\main\resources to target\classes
2023-06-14 10:47:38,231 [Worker-40: Building] INFO  o.a.m.s.f.DefaultMavenResourcesFiltering - skip non existing resourceDirectory C:\Users\icts22-24.524\Desktop\java-workspace\esercizio_bollettini\src\test\resources
2023-06-14 10:48:28,709 [Worker-39: Building] INFO  o.a.m.s.f.DefaultMavenResourcesFiltering - Copying 1 resource from src\main\resources to target\classes
2023-06-14 10:48:28,715 [Worker-39: Building] INFO  o.a.m.s.f.DefaultMavenResourcesFiltering - Copying 1 resource from src\main\resources to target\classes
2023-06-14 10:48:28,718 [Worker-39: Building] INFO  o.a.m.s.f.DefaultMavenResourcesFiltering - skip non existing resourceDirectory C:\Users\icts22-24.524\Desktop\java-workspace\esercizio_bollettini\src\test\resources
2023-06-14 10:48:49,701 [Worker-31: Building] INFO  o.a.m.s.f.DefaultMavenResourcesFiltering - Copying 1 resource from src\main\resources to target\classes
2023-06-14 10:48:49,707 [Worker-31: Building] INFO  o.a.m.s.f.DefaultMavenResourcesFiltering - Copying 1 resource from src\main\resources to target\classes
2023-06-14 10:48:49,710 [Worker-31: Building] INFO  o.a.m.s.f.DefaultMavenResourcesFiltering - skip non existing resourceDirectory C:\Users\icts22-24.524\Desktop\java-workspace\esercizio_bollettini\src\test\resources
2023-06-14 10:49:20,243 [Worker-31: Building] INFO  o.a.m.s.f.DefaultMavenResourcesFiltering - Copying 1 resource from src\main\resources to target\classes
2023-06-14 10:49:20,255 [Worker-31: Building] INFO  o.a.m.s.f.DefaultMavenResourcesFiltering - Copying 1 resource from src\main\resources to target\classes
2023-06-14 10:49:20,258 [Worker-31: Building] INFO  o.a.m.s.f.DefaultMavenResourcesFiltering - skip non existing resourceDirectory C:\Users\icts22-24.524\Desktop\java-workspace\esercizio_bollettini\src\test\resources
2023-06-14 10:50:11,893 [Worker-40: Building] INFO  o.a.m.s.f.DefaultMavenResourcesFiltering - Copying 1 resource from src\main\resources to target\classes
2023-06-14 10:50:11,907 [Worker-40: Building] INFO  o.a.m.s.f.DefaultMavenResourcesFiltering - Copying 1 resource from src\main\resources to target\classes
2023-06-14 10:50:11,910 [Worker-40: Building] INFO  o.a.m.s.f.DefaultMavenResourcesFiltering - skip non existing resourceDirectory C:\Users\icts22-24.524\Desktop\java-workspace\esercizio_bollettini\src\test\resources
2023-06-14 10:50:27,985 [Worker-26: Building] INFO  o.a.m.s.f.DefaultMavenResourcesFiltering - Copying 1 resource from src\main\resources to target\classes
2023-06-14 10:50:28,000 [Worker-26: Building] INFO  o.a.m.s.f.DefaultMavenResourcesFiltering - Copying 1 resource from src\main\resources to target\classes
2023-06-14 10:50:28,003 [Worker-26: Building] INFO  o.a.m.s.f.DefaultMavenResourcesFiltering - skip non existing resourceDirectory C:\Users\icts22-24.524\Desktop\java-workspace\esercizio_bollettini\src\test\resources
2023-06-14 10:50:51,699 [Worker-41: Building] INFO  o.a.m.s.f.DefaultMavenResourcesFiltering - Copying 1 resource from src\main\resources to target\classes
2023-06-14 10:50:51,708 [Worker-41: Building] INFO  o.a.m.s.f.DefaultMavenResourcesFiltering - Copying 1 resource from src\main\resources to target\classes
2023-06-14 10:50:51,712 [Worker-41: Building] INFO  o.a.m.s.f.DefaultMavenResourcesFiltering - skip non existing resourceDirectory C:\Users\icts22-24.524\Desktop\java-workspace\esercizio_bollettini\src\test\resources
2023-06-14 10:51:16,352 [Worker-41: Building] INFO  o.a.m.s.f.DefaultMavenResourcesFiltering - Copying 1 resource from src\main\resources to target\classes
2023-06-14 10:51:16,357 [Worker-41: Building] INFO  o.a.m.s.f.DefaultMavenResourcesFiltering - Copying 1 resource from src\main\resources to target\classes
2023-06-14 10:51:16,359 [Worker-41: Building] INFO  o.a.m.s.f.DefaultMavenResourcesFiltering - skip non existing resourceDirectory C:\Users\icts22-24.524\Desktop\java-workspace\esercizio_bollettini\src\test\resources
2023-06-14 10:51:26,879 [Worker-39: Building] INFO  o.a.m.s.f.DefaultMavenResourcesFiltering - Copying 1 resource from src\main\resources to target\classes
2023-06-14 10:51:26,883 [Worker-39: Building] INFO  o.a.m.s.f.DefaultMavenResourcesFiltering - Copying 1 resource from src\main\resources to target\classes
2023-06-14 10:51:26,886 [Worker-39: Building] INFO  o.a.m.s.f.DefaultMavenResourcesFiltering - skip non existing resourceDirectory C:\Users\icts22-24.524\Desktop\java-workspace\esercizio_bollettini\src\test\resources
